# JRE version: Java(TM) SE Runtime Environment (8.0_112-b15) (build 1.8.0_112-b15)
# Java VM: Java HotSpot(TM) 64-Bit Server VM (25.112-b15 mixed mode windows-amd64 compressed oops)
Heap:
 PSYoungGen      total 55296K, used 33693K [0x00000007bc400000, 0x00000007c0000000, 0x00000007c0000000)
  eden space 49664K, 63% used [0x00000007bc400000,0x00000007be2f1068,0x00000007bf480000)
  from space 5632K, 35% used [0x00000007bf480000,0x00000007bf676650,0x00000007bfa00000)
  to   space 5632K, 0% used [0x00000007bfa80000,0x00000007bfa80000,0x00000007c0000000)
 ParOldGen       total 112128K, used 55596K [0x0000000700000000, 0x0000000706d80000, 0x00000007bc400000)
  object space 112128K, 49% used [0x0000000700000000,0x000000070364b180,0x0000000706d80000)
 Metaspace       used 71661K, capacity 72335K, committed 73216K, reserved 1112064K
  class space    used 10268K, capacity 10396K, committed 10496K, reserved 1048576K
GC Heap History (10 events):
Event: 1616.941 GC heap before
{Heap before GC invocations=77 (full 6):
 PSYoungGen      total 54272K, used 47198K [0x00000007bc400000, 0x00000007c0000000, 0x00000007c0000000)
  eden space 46592K, 100% used [0x00000007bc400000,0x00000007bf180000,0x00000007bf180000)
  from space 7680K, 7% used [0x00000007bf880000,0x00000007bf917b20,0x00000007c0000000)
  to   space 7168K, 0% used [0x00000007bf180000,0x00000007bf180000,0x00000007bf880000)
 ParOldGen       total 112128K, used 55580K [0x0000000700000000, 0x0000000706d80000, 0x00000007bc400000)
  object space 112128K, 49% used [0x0000000700000000,0x0000000703647180,0x0000000706d80000)
 Metaspace       used 71397K, capacity 71991K, committed 72704K, reserved 1112064K
  class space    used 10252K, capacity 10392K, committed 10496K, reserved 1048576K
Event: 1616.946 GC heap after
Heap after GC invocations=77 (full 6):
 PSYoungGen      total 53760K, used 1418K [0x00000007bc400000, 0x00000007c0000000, 0x00000007c0000000)
  eden space 46592K, 0% used [0x00000007bc400000,0x00000007bc400000,0x00000007bf180000)
  from space 7168K, 19% used [0x00000007bf180000,0x00000007bf2e2990,0x00000007bf880000)
  to   space 6656K, 0% used [0x00000007bf980000,0x00000007bf980000,0x00000007c0000000)
 ParOldGen       total 112128K, used 55588K [0x0000000700000000, 0x0000000706d80000, 0x00000007bc400000)
  object space 112128K, 49% used [0x0000000700000000,0x0000000703649180,0x0000000706d80000)
 Metaspace       used 71397K, capacity 71991K, committed 72704K, reserved 1112064K
  class space    used 10252K, capacity 10392K, committed 10496K, reserved 1048576K
}
Event: 1619.868 GC heap before
{Heap before GC invocations=78 (full 6):
 PSYoungGen      total 53760K, used 48010K [0x00000007bc400000, 0x00000007c0000000, 0x00000007c0000000)
  eden space 46592K, 100% used [0x00000007bc400000,0x00000007bf180000,0x00000007bf180000)
  from space 7168K, 19% used [0x00000007bf180000,0x00000007bf2e2990,0x00000007bf880000)
  to   space 6656K, 0% used [0x00000007bf980000,0x00000007bf980000,0x00000007c0000000)
 ParOldGen       total 112128K, used 55588K [0x0000000700000000, 0x0000000706d80000, 0x00000007bc400000)
  object space 112128K, 49% used [0x0000000700000000,0x0000000703649180,0x0000000706d80000)
 Metaspace       used 71467K, capacity 72055K, committed 72960K, reserved 1112064K
  class space    used 10253K, capacity 10392K, committed 10496K, reserved 1048576K
Event: 1619.871 GC heap after
Heap after GC invocations=78 (full 6):
 PSYoungGen      total 55296K, used 1334K [0x00000007bc400000, 0x00000007c0000000, 0x00000007c0000000)
  eden space 48640K, 0% used [0x00000007bc400000,0x00000007bc400000,0x00000007bf380000)
  from space 6656K, 20% used [0x00000007bf980000,0x00000007bfacd8e8,0x00000007c0000000)
  to   space 6144K, 0% used [0x00000007bf380000,0x00000007bf380000,0x00000007bf980000)
 ParOldGen       total 112128K, used 55588K [0x0000000700000000, 0x0000000706d80000, 0x00000007bc400000)
  object space 112128K, 49% used [0x0000000700000000,0x0000000703649180,0x0000000706d80000)
 Metaspace       used 71467K, capacity 72055K, committed 72960K, reserved 1112064K
  class space    used 10253K, capacity 10392K, committed 10496K, reserved 1048576K
}
Event: 1623.442 GC heap before
{Heap before GC invocations=79 (full 6):
 PSYoungGen      total 55296K, used 49974K [0x00000007bc400000, 0x00000007c0000000, 0x00000007c0000000)
  eden space 48640K, 100% used [0x00000007bc400000,0x00000007bf380000,0x00000007bf380000)
  from space 6656K, 20% used [0x00000007bf980000,0x00000007bfacd8e8,0x00000007c0000000)
  to   space 6144K, 0% used [0x00000007bf380000,0x00000007bf380000,0x00000007bf980000)
 ParOldGen       total 112128K, used 55588K [0x0000000700000000, 0x0000000706d80000, 0x00000007bc400000)
  object space 112128K, 49% used [0x0000000700000000,0x0000000703649180,0x0000000706d80000)
 Metaspace       used 71504K, capacity 72183K, committed 72960K, reserved 1112064K
  class space    used 10253K, capacity 10392K, committed 10496K, reserved 1048576K
Event: 1623.449 GC heap after
Heap after GC invocations=79 (full 6):
 PSYoungGen      total 54784K, used 1661K [0x00000007bc400000, 0x00000007c0000000, 0x00000007c0000000)
  eden space 48640K, 0% used [0x00000007bc400000,0x00000007bc400000,0x00000007bf380000)
  from space 6144K, 27% used [0x00000007bf380000,0x00000007bf51f4f8,0x00000007bf980000)
  to   space 6144K, 0% used [0x00000007bfa00000,0x00000007bfa00000,0x00000007c0000000)
 ParOldGen       total 112128K, used 55588K [0x0000000700000000, 0x0000000706d80000, 0x00000007bc400000)
  object space 112128K, 49% used [0x0000000700000000,0x0000000703649180,0x0000000706d80000)
 Metaspace       used 71504K, capacity 72183K, committed 72960K, reserved 1112064K
  class space    used 10253K, capacity 10392K, committed 10496K, reserved 1048576K
}
Event: 1631.853 GC heap before
{Heap before GC invocations=80 (full 6):
 PSYoungGen      total 54784K, used 50301K [0x00000007bc400000, 0x00000007c0000000, 0x00000007c0000000)
  eden space 48640K, 100% used [0x00000007bc400000,0x00000007bf380000,0x00000007bf380000)
  from space 6144K, 27% used [0x00000007bf380000,0x00000007bf51f4f8,0x00000007bf980000)
  to   space 6144K, 0% used [0x00000007bfa00000,0x00000007bfa00000,0x00000007c0000000)
 ParOldGen       total 112128K, used 55588K [0x0000000700000000, 0x0000000706d80000, 0x00000007bc400000)
  object space 112128K, 49% used [0x0000000700000000,0x0000000703649180,0x0000000706d80000)
 Metaspace       used 71570K, capacity 72195K, committed 72960K, reserved 1112064K
  class space    used 10266K, capacity 10394K, committed 10496K, reserved 1048576K
Event: 1631.857 GC heap after
Heap after GC invocations=80 (full 6):
 PSYoungGen      total 55808K, used 1891K [0x00000007bc400000, 0x00000007c0000000, 0x00000007c0000000)
  eden space 49664K, 0% used [0x00000007bc400000,0x00000007bc400000,0x00000007bf480000)
  from space 6144K, 30% used [0x00000007bfa00000,0x00000007bfbd8de8,0x00000007c0000000)
  to   space 5632K, 0% used [0x00000007bf480000,0x00000007bf480000,0x00000007bfa00000)
 ParOldGen       total 112128K, used 55596K [0x0000000700000000, 0x0000000706d80000, 0x00000007bc400000)
  object space 112128K, 49% used [0x0000000700000000,0x000000070364b180,0x0000000706d80000)
 Metaspace       used 71570K, capacity 72195K, committed 72960K, reserved 1112064K
  class space    used 10266K, capacity 10394K, committed 10496K, reserved 1048576K
}
Event: 1635.301 GC heap before
{Heap before GC invocations=81 (full 6):
 PSYoungGen      total 55808K, used 51555K [0x00000007bc400000, 0x00000007c0000000, 0x00000007c0000000)
  eden space 49664K, 100% used [0x00000007bc400000,0x00000007bf480000,0x00000007bf480000)
  from space 6144K, 30% used [0x00000007bfa00000,0x00000007bfbd8de8,0x00000007c0000000)
  to   space 5632K, 0% used [0x00000007bf480000,0x00000007bf480000,0x00000007bfa00000)
 ParOldGen       total 112128K, used 55596K [0x0000000700000000, 0x0000000706d80000, 0x00000007bc400000)
  object space 112128K, 49% used [0x0000000700000000,0x000000070364b180,0x0000000706d80000)
 Metaspace       used 71639K, capacity 72265K, committed 72960K, reserved 1112064K
  class space    used 10268K, capacity 10395K, committed 10496K, reserved 1048576K
Event: 1635.305 GC heap after
Heap after GC invocations=81 (full 6):
 PSYoungGen      total 55296K, used 2009K [0x00000007bc400000, 0x00000007c0000000, 0x00000007c0000000)
  eden space 49664K, 0% used [0x00000007bc400000,0x00000007bc400000,0x00000007bf480000)
  from space 5632K, 35% used [0x00000007bf480000,0x00000007bf676650,0x00000007bfa00000)
  to   space 5632K, 0% used [0x00000007bfa80000,0x00000007bfa80000,0x00000007c0000000)
 ParOldGen       total 112128K, used 55596K [0x0000000700000000, 0x0000000706d80000, 0x00000007bc400000)
  object space 112128K, 49% used [0x0000000700000000,0x000000070364b180,0x0000000706d80000)
 Metaspace       used 71639K, capacity 72265K, committed 72960K, reserved 1112064K
  class space    used 10268K, capacity 10395K, committed 10496K, reserved 1048576K
}

